<?xml version="1.0" encoding="UTF-8"?>
<!-- Generated by org.testng.reporters.JUnitReportReporter -->
<testsuite hostname="LAPTOP-SCJRFP3V" failures="0" tests="3" name="walmart.Testng" time="56.071" errors="0" timestamp="2022-11-15T16:27:27 EST" skipped="0">
  <testcase classname="walmart.Testng" name="test2" time="14.209"/>
  <system-out/>
  <testcase classname="walmart.Testng" name="test3" time="23.270"/>
  <system-out/>
  <testcase classname="walmart.Testng" name="test1" time="18.592"/>
  <system-out/>
</testsuite> <!-- walmart.Testng -->
